version https://git-lfs.github.com/spec/v1
oid sha256:a286a4ee22ab8605ed753c910b7df336bb699a28cf34f0f13d99aaae9918ad84
size 48169
