version https://git-lfs.github.com/spec/v1
oid sha256:dede43cf54ed26ff784b3c3cd4c0d8481f4e86b87626ee24ab020432d334d44f
size 47394
