version https://git-lfs.github.com/spec/v1
oid sha256:3d046673808ab0bf5db863cd6b96fb9273cac00c6b418405a94d6234cd67fcbe
size 47394
